<?xml version="1.0" encoding="UTF-8"?>
<!-- Generated by org.testng.reporters.JUnitXMLReporter -->
<testsuite hostname="DESKTOP-TJBBNKL" ignored="0" name="Test" tests="4" failures="0" timestamp="2023-09-21T10:39:34 IST" time="41.247" errors="0">
  <testcase name="runLoginTest" time="0.782" classname="testcase.LoginTest"/>
  <testcase name="runLoginTest" time="1.213" classname="testcase.LoginTest"/>
  <testcase name="runRreateLead" time="12.765" classname="testcase.CreateLeadTest"/>
  <testcase name="runRreateLead" time="8.72" classname="testcase.CreateLeadTest"/>
</testsuite> <!-- Test -->
