<?xml version="1.0" encoding="UTF-8"?>
<testng-results skipped="0" failed="0" ignored="0" total="1" passed="1">
  <reporter-output>
  </reporter-output>
  <suite name="Default suite" duration-ms="21196" started-at="2023-09-22T11:59:07 IST" finished-at="2023-09-22T11:59:28 IST">
    <groups>
    </groups>
    <test name="Default test" duration-ms="21196" started-at="2023-09-22T11:59:07 IST" finished-at="2023-09-22T11:59:28 IST">
      <class name="testcase.CreateLeadTest">
        <test-method status="PASS" signature="setUp()[pri:0, instance:testcase.CreateLeadTest@67b467e9]" name="setUp" is-config="true" duration-ms="11" started-at="2023-09-22T11:59:07 IST" finished-at="2023-09-22T11:59:07 IST">
          <reporter-output>
          </reporter-output>
        </test-method> <!-- setUp -->
        <test-method status="PASS" signature="launchBrowser()[pri:0, instance:testcase.CreateLeadTest@67b467e9]" name="launchBrowser" is-config="true" duration-ms="10289" started-at="2023-09-22T11:59:09 IST" finished-at="2023-09-22T11:59:19 IST">
          <reporter-output>
          </reporter-output>
        </test-method> <!-- launchBrowser -->
        <test-method status="PASS" signature="runRreateLead(java.lang.String,java.lang.String,java.lang.String,java.lang.String,java.lang.String)[pri:0, instance:testcase.CreateLeadTest@67b467e9]" name="runRreateLead" duration-ms="9231" started-at="2023-09-22T11:59:19 IST" data-provider="fetchData" finished-at="2023-09-22T11:59:28 IST">
          <params>
            <param index="0">
              <value>
                <![CDATA[democsr2]]>
              </value>
            </param>
            <param index="1">
              <value>
                <![CDATA[crmsfa]]>
              </value>
            </param>
            <param index="2">
              <value>
                <![CDATA[TestLeaf]]>
              </value>
            </param>
            <param index="3">
              <value>
                <![CDATA[Hari]]>
              </value>
            </param>
            <param index="4">
              <value>
                <![CDATA[Krishnan]]>
              </value>
            </param>
          </params>
          <reporter-output>
          </reporter-output>
        </test-method> <!-- runRreateLead -->
        <test-method status="PASS" signature="tearDown()[pri:0, instance:testcase.CreateLeadTest@67b467e9]" name="tearDown" is-config="true" duration-ms="329" started-at="2023-09-22T11:59:28 IST" finished-at="2023-09-22T11:59:28 IST">
          <reporter-output>
          </reporter-output>
        </test-method> <!-- tearDown -->
      </class> <!-- testcase.CreateLeadTest -->
    </test> <!-- Default test -->
  </suite> <!-- Default suite -->
</testng-results>
